[debug] > Exec(early(addDefaultCommands), None, None)
[debug] > Exec(addDefaultCommands, None, None)
[debug] > Exec(early(initialize), None, None)
[debug] > Exec(initialize, None, None)
[debug] > Exec(early(addPluginSbtFile="""C:\Users\pc\AppData\Local\Temp\idea.sbt"""), None, None)
[debug] > Exec(addPluginSbtFile="""C:\Users\pc\AppData\Local\Temp\idea.sbt""", None, None)
[debug] > Exec(boot, None, None)
[debug] > Exec(writeSbtVersion, None, None)
[debug] > Exec(reload, None, None)
[debug] > Exec(sbtStashOnFailure, None, None)
[debug] > Exec(onFailure loadFailed, None, None)
[debug] > Exec(loadp, None, None)
[info] welcome to sbt 1.8.1 (Amazon.com Inc. Java 11.0.25)
[debug] Load.defaultLoad until apply took 76.1283ms
[debug]           Load.loadUnit: plugins took 73.1394ms
[debug]           Load.loadUnit: defsScala took 0.3381ms
[debug] [Loading] Scanning directory C:\Users\pc\IdeaProjects\TSP\project
[debug]             Load.loadUnit: mkEval took 6.2461ms
[debug] [Loading] Found non-root projects 
[debug] [Loading] Done in C:\Users\pc\IdeaProjects\TSP\project, returning: ()
[debug] deducing auto plugins based on known facts Set(Atom(sbt.plugins.CorePlugin)) and clauses Clauses(Clause(Atom(sbt.plugins.JvmPlugin),Set(Atom(sbt.plugins.IvyPlugin)))
[debug] Clause(Atom(sbt.ScriptedPlugin),Set(Atom(sbt.plugins.JvmPlugin)))
[debug] Clause(Atom(sbt.plugins.SbtPlugin),Set(Atom(sbt.ScriptedPlugin)))
[debug] Clause(Atom(sbt.plugins.SemanticdbPlugin),Set(Atom(sbt.plugins.JvmPlugin)))
[debug] Clause(Atom(sbt.plugins.JUnitXmlReportPlugin),Set(Atom(sbt.plugins.JvmPlugin)))
[debug] Clause(Atom(sbt.plugins.MiniDependencyTreePlugin),Set(Atom(sbt.plugins.JvmPlugin)))
[debug] Clause(Atom(sbt.plugins.CorePlugin),Set(Atom(sbt.plugins.IvyPlugin)))
[debug] Clause(Atom(sbt.plugins.IvyPlugin),Set(Atom(sbt.plugins.JvmPlugin)))
[debug] Clause(Atom(sbt.plugins.JvmPlugin),Set(Atom(sbt.plugins.SemanticdbPlugin)))
[debug] Clause(Atom(sbt.plugins.JvmPlugin),Set(Atom(sbt.plugins.JUnitXmlReportPlugin)))
[debug] Clause(Atom(sbt.plugins.CorePlugin),Set(Atom(sbt.plugins.Giter8TemplatePlugin)))
[debug] Clause(Atom(sbt.plugins.JvmPlugin),Set(Atom(sbt.plugins.MiniDependencyTreePlugin))))
[debug]   :: deduced result: Matched(sbt.plugins.CorePlugin,sbt.plugins.Giter8TemplatePlugin,sbt.plugins.IvyPlugin,sbt.plugins.JvmPlugin,sbt.plugins.MiniDependencyTreePlugin,sbt.plugins.JUnitXmlReportPlugin,sbt.plugins.SemanticdbPlugin)
[debug] Plugins.deducer#function took 15.0109 ms
[info] loading settings for project tsp-build from idea.sbt ...
[debug]               Load.resolveProject(tsp-build) took 34.3019ms
[debug]             Load.loadTransitive: finalizeProject(Project(id tsp-build, base: C:\Users\pc\IdeaProjects\TSP\project, plugins: List(<none>))) took 66.0425ms
[debug] [Loading] Done in C:\Users\pc\IdeaProjects\TSP\project, returning: (tsp-build)
[debug]           Load.loadUnit: loadedProjectsRaw took 287.788ms
[debug]           Load.loadUnit: cleanEvalClasses took 5.0579ms
[debug]         Load.loadUnit(file:/C:/Users/pc/IdeaProjects/TSP/project/, ...) took 370.9977ms
[debug]       Load.apply: load took 474.1498ms
[debug]       Load.apply: resolveProjects took 3.5074ms
[debug]       Load.apply: finalTransforms took 47.1541ms
[debug]       Load.apply: config.delegates took 11.4575ms
[debug]       Load.apply: Def.make(settings)... took 338.9363ms
[debug]       Load.apply: structureIndex took 75.9779ms
[debug]       Load.apply: mkStreams took 1.8145ms
[info] loading project definition from C:\Users\pc\IdeaProjects\TSP\project
[debug] Running task... Cancel: Signal, check cycles: false, forcegc: true
[debug]     Load.loadUnit: plugins took 2325.1073ms
[debug]     Load.loadUnit: defsScala took 0.0021ms
[debug] [Loading] Scanning directory C:\Users\pc\IdeaProjects\TSP
[debug]       Load.loadUnit: mkEval took 0.1586ms
[debug] [Loading] Found root project root w/ remaining 
[debug] deducing auto plugins based on known facts Set(Atom(sbt.plugins.CorePlugin)) and clauses Clauses(Clause(Atom(sbt.plugins.JvmPlugin),Set(Atom(sbt.plugins.IvyPlugin)))
[debug] Clause(Atom(sbt.ScriptedPlugin),Set(Atom(sbt.plugins.JvmPlugin)))
[debug] Clause(Atom(sbt.plugins.SbtPlugin),Set(Atom(sbt.ScriptedPlugin)))
[debug] Clause(Atom(sbt.plugins.SemanticdbPlugin),Set(Atom(sbt.plugins.JvmPlugin)))
[debug] Clause(Atom(sbt.plugins.JUnitXmlReportPlugin),Set(Atom(sbt.plugins.JvmPlugin)))
[debug] Clause(Atom(sbt.plugins.MiniDependencyTreePlugin),Set(Atom(sbt.plugins.JvmPlugin)))
[debug] Clause(Atom(org.jetbrains.sbt.StructurePlugin),Set(Atom(sbt.plugins.JvmPlugin)))
[debug] Clause(Atom(org.jetbrains.sbt.IdeaShellPlugin),Set(Atom(sbt.plugins.JvmPlugin)))
[debug] Clause(Atom(sbt.plugins.CorePlugin),Set(Atom(sbt.plugins.IvyPlugin)))
[debug] Clause(Atom(sbt.plugins.IvyPlugin),Set(Atom(sbt.plugins.JvmPlugin)))
[debug] Clause(Atom(sbt.plugins.JvmPlugin),Set(Atom(sbt.plugins.SemanticdbPlugin)))
[debug] Clause(Atom(sbt.plugins.JvmPlugin),Set(Atom(sbt.plugins.JUnitXmlReportPlugin)))
[debug] Clause(Atom(sbt.plugins.CorePlugin),Set(Atom(sbt.plugins.Giter8TemplatePlugin)))
[debug] Clause(Atom(sbt.plugins.JvmPlugin),Set(Atom(sbt.plugins.MiniDependencyTreePlugin)))
[debug] Clause(Atom(sbt.plugins.JvmPlugin),Set(Atom(org.jetbrains.sbt.StructurePlugin)))
[debug] Clause(Atom(sbt.plugins.JvmPlugin),Set(Atom(org.jetbrains.sbt.IdeaShellPlugin))))
[debug]   :: deduced result: Matched(sbt.plugins.CorePlugin,sbt.plugins.Giter8TemplatePlugin,sbt.plugins.IvyPlugin,sbt.plugins.JvmPlugin,sbt.plugins.SemanticdbPlugin,sbt.plugins.JUnitXmlReportPlugin,org.jetbrains.sbt.IdeaShellPlugin,org.jetbrains.sbt.StructurePlugin,sbt.plugins.MiniDependencyTreePlugin)
[debug] Plugins.deducer#function took 1.963 ms
[info] loading settings for project root from build.sbt ...
[debug]         Load.resolveProject(root) took 28.0841ms
[debug]       Load.loadTransitive: finalizeProject(Project(id root, base: C:\Users\pc\IdeaProjects\TSP, plugins: List(<none>))) took 31.5141ms
[debug] [Loading] Done in C:\Users\pc\IdeaProjects\TSP, returning: (root)
[debug]     Load.loadUnit: loadedProjectsRaw took 2197.874ms
[debug]     Load.loadUnit: cleanEvalClasses took 6.2693ms
[debug]   Load.loadUnit(file:/C:/Users/pc/IdeaProjects/TSP/, ...) took 4530.6055ms
[debug] Load.apply: load took 4563.1443ms
[debug] Load.apply: resolveProjects took 0.0862ms
[debug] Load.apply: finalTransforms took 23.4835ms
[debug] Load.apply: config.delegates took 0.2433ms
[debug] Load.apply: Def.make(settings)... took 62.6294ms
[debug] Load.apply: structureIndex took 19.859ms
[debug] Load.apply: mkStreams took 0.0022ms
[info] set current project to TSP (in build file:/C:/Users/pc/IdeaProjects/TSP/)
[debug] > Exec(sbtPopOnFailure, None, None)
[debug] > Exec(resumeFromFailure, None, None)
[debug] > Exec(notifyUsersAboutShell, None, None)
[debug] > Exec(iflast shell, None, None)
[debug] > Exec(idea-shell, None, None)
